<?xml version="1.0" encoding="UTF-8"?>
<!-- Generated by org.testng.reporters.JUnitReportReporter -->
<testsuite skipped="0" hostname="Jas-Nav" name="testcases.LoginTestNeg" tests="1" failures="0" timestamp="19 Dec 2020 13:02:22 GMT" time="2.181" errors="0">
  <testcase name="verifyLogin" time="2.181" classname="testcases.LoginTestNeg"/>
</testsuite> <!-- testcases.LoginTestNeg -->
