<?xml version="1.0" encoding="UTF-8"?>
<!-- Generated by org.testng.reporters.JUnitReportReporter -->
<testsuite skipped="0" hostname="Jas-Nav" name="testcases.LoginTest" tests="2" failures="0" timestamp="19 Dec 2020 13:18:54 GMT" time="13.211" errors="0">
  <testcase name="verifyLogin" time="6.950" classname="testcases.LoginTest"/>
  <testcase name="verifyLogin" time="6.261" classname="testcases.LoginTest"/>
</testsuite> <!-- testcases.LoginTest -->
