<?xml version="1.0" encoding="UTF-8"?>
<!-- Generated by org.testng.reporters.JUnitReportReporter -->
<testsuite skipped="0" hostname="Jas-Nav" name="testcases.ModifyAddress" tests="1" failures="0" timestamp="18 Dec 2020 00:33:48 GMT" time="5.659" errors="0">
  <testcase name="modificationInAddress" time="5.659" classname="testcases.ModifyAddress"/>
</testsuite> <!-- testcases.ModifyAddress -->
