<?xml version="1.0" encoding="UTF-8"?>
<!-- Generated by org.testng.reporters.JUnitReportReporter -->
<testsuite hostname="Jas-Nav" failures="0" tests="1" name="testcases.AddBillingAddress" time="35.083" errors="0" timestamp="18 Dec. 2020 21:58:23 GMT" skipped="0">
  <testcase classname="testcases.AddBillingAddress" name="modificationInAddress" time="35.083"/>
</testsuite> <!-- testcases.AddBillingAddress -->
