<?xml version="1.0" encoding="UTF-8"?>
<!-- Generated by org.testng.reporters.JUnitReportReporter -->
<testsuite skipped="0" hostname="Jas-Nav" name="testcases.LoginTest" tests="2" failures="0" timestamp="19 Dec 2020 16:30:34 GMT" time="9.065" errors="0">
  <testcase name="verifyLogin" time="4.217" classname="testcases.LoginTest"/>
  <testcase name="verifyLogin" time="4.848" classname="testcases.LoginTest"/>
</testsuite> <!-- testcases.LoginTest -->
