<?xml version="1.0" encoding="UTF-8"?>
<!-- Generated by org.testng.reporters.JUnitReportReporter -->
<testsuite skipped="0" hostname="Jas-Nav" name="testcases.ReportCustomerCare" tests="1" failures="0" timestamp="19 Dec 2020 16:30:35 GMT" time="35.976" errors="0">
  <testcase name="reportCustomerCare" time="35.976" classname="testcases.ReportCustomerCare"/>
</testsuite> <!-- testcases.ReportCustomerCare -->
