<?xml version="1.0" encoding="UTF-8"?>
<!-- Generated by org.testng.reporters.JUnitReportReporter -->
<testsuite skipped="0" hostname="Jas-Nav" name="testcases.AddBillingAddress" tests="1" failures="0" timestamp="19 Dec 2020 16:30:34 GMT" time="23.406" errors="0">
  <testcase name="modificationInAddress" time="23.406" classname="testcases.AddBillingAddress"/>
</testsuite> <!-- testcases.AddBillingAddress -->
