<?xml version="1.0" encoding="UTF-8"?>
<!-- Generated by org.testng.reporters.JUnitReportReporter -->
<testsuite skipped="0" hostname="Jas-Nav" name="testcases.ReOrderFromOrderHistory" tests="1" failures="0" timestamp="19 Dec 2020 16:30:34 GMT" time="49.230" errors="0">
  <testcase name="reOrder" time="49.230" classname="testcases.ReOrderFromOrderHistory"/>
</testsuite> <!-- testcases.ReOrderFromOrderHistory -->
