<?xml version="1.0" encoding="UTF-8"?>
<!-- Generated by org.testng.reporters.JUnitReportReporter -->
<testsuite skipped="0" hostname="Jas-Nav" name="testcases.ShoppingTest" tests="1" failures="0" timestamp="19 Dec 2020 13:21:59 GMT" time="15.727" errors="0">
  <testcase name="shopping" time="15.727" classname="testcases.ShoppingTest"/>
</testsuite> <!-- testcases.ShoppingTest -->
