<?xml version="1.0" encoding="UTF-8"?>
<!-- Generated by org.testng.reporters.JUnitReportReporter -->
<testsuite skipped="0" hostname="Jas-Nav" name="testcases.ReOrderFromOrderHistory" tests="1" failures="0" timestamp="19 Dec 2020 13:21:59 GMT" time="24.963" errors="0">
  <testcase name="reOrder" time="24.963" classname="testcases.ReOrderFromOrderHistory"/>
</testsuite> <!-- testcases.ReOrderFromOrderHistory -->
