<?xml version="1.0" encoding="UTF-8"?>
<!-- Generated by org.testng.reporters.JUnitReportReporter -->
<testsuite skipped="0" hostname="Jas-Nav" name="testcases.AddBillingAddress" tests="1" failures="0" timestamp="19 Dec 2020 13:21:59 GMT" time="21.528" errors="0">
  <testcase name="modificationInAddress" time="21.528" classname="testcases.AddBillingAddress"/>
</testsuite> <!-- testcases.AddBillingAddress -->
