<?xml version="1.0" encoding="UTF-8"?>
<!-- Generated by org.testng.reporters.JUnitReportReporter -->
<testsuite skipped="0" hostname="Jas-Nav" name="testcases.LoginTest" tests="2" failures="0" timestamp="19 Dec 2020 13:21:59 GMT" time="7.916" errors="0">
  <testcase name="verifyLogin" time="3.886" classname="testcases.LoginTest"/>
  <testcase name="verifyLogin" time="4.030" classname="testcases.LoginTest"/>
</testsuite> <!-- testcases.LoginTest -->
