<?xml version="1.0" encoding="UTF-8"?>
<!-- Generated by org.testng.reporters.JUnitReportReporter -->
<testsuite skipped="0" hostname="Jas-Nav" name="testcases.ReportCustomerCare" tests="1" failures="0" timestamp="19 Dec 2020 13:21:59 GMT" time="31.995" errors="0">
  <testcase name="reportCustomerCare" time="31.995" classname="testcases.ReportCustomerCare"/>
</testsuite> <!-- testcases.ReportCustomerCare -->
